0 info it worked if it ends with ok
1 verbose cli [ '/Users/Tony/.nvm/versions/node/v0.12.7/bin/node',
1 verbose cli   '/Users/Tony/.nvm/versions/node/v0.12.7/bin/npm',
1 verbose cli   'i' ]
2 info using npm@2.11.3
3 info using node@v0.12.7
4 verbose readDependencies loading dependencies from /Users/Tony/Sites/vanilla-css/package.json
5 error install Couldn't read dependencies
6 verbose stack Error: ENOENT, open '/Users/Tony/Sites/vanilla-css/package.json'
6 verbose stack     at Error (native)
7 verbose cwd /Users/Tony/Sites/vanilla-css
8 error Darwin 15.0.0
9 error argv "/Users/Tony/.nvm/versions/node/v0.12.7/bin/node" "/Users/Tony/.nvm/versions/node/v0.12.7/bin/npm" "i"
10 error node v0.12.7
11 error npm  v2.11.3
12 error path /Users/Tony/Sites/vanilla-css/package.json
13 error code ENOPACKAGEJSON
14 error errno -2
15 error package.json ENOENT, open '/Users/Tony/Sites/vanilla-css/package.json'
15 error package.json This is most likely not a problem with npm itself.
15 error package.json npm can't find a package.json file in your current directory.
16 verbose exit [ -2, true ]
